{"name": "test_contact_form_invalid_email_shows_error", "status": "failed", "statusDetails": {"message": "AssertionError: Submission modal not shown\nassert False\n +  where False = is_submission_success()\n +    where is_submission_success = <pages.contact_page.ContactPage object at 0x000001CC7C4BC910>.is_submission_success", "trace": "driver = <selenium.webdriver.chrome.webdriver.WebDriver (session=\"09060a2854b0f5817966a57d11c3a2b8\")>\nconfig = {'base_url': 'https://demoqa.com/automation-practice-form', 'implicit_wait': 8}\n\n>   ???\nE   AssertionError: Submission modal not shown\nE   assert False\nE    +  where False = is_submission_success()\nE    +    where is_submission_success = <pages.contact_page.ContactPage object at 0x000001CC7C4BC910>.is_submission_success\n\nC:\\Users\\admin\\Downloads\\ContactForm_DemoQA_Project\\02_Automation_Testing\\tests\\test_contact_form_demoqa.py:44: AssertionError"}, "start": 1761722429140, "stop": 1761722460234, "uuid": "f99aef7d-922e-4db6-8431-885b2950d677", "historyId": "0f552e693991c66c7e99fc2a5172724b", "testCaseId": "0f552e693991c66c7e99fc2a5172724b", "fullName": "tests.test_contact_form_demoqa#test_contact_form_invalid_email_shows_error", "labels": [{"name": "tag", "value": "regression"}, {"name": "parentSuite", "value": "tests"}, {"name": "suite", "value": "test_contact_form_demoqa"}, {"name": "host", "value": "PC"}, {"name": "thread", "value": "23992-MainThread"}, {"name": "framework", "value": "pytest"}, {"name": "language", "value": "cpython3"}, {"name": "package", "value": "tests.test_contact_form_demoqa"}], "titlePath": ["tests", "test_contact_form_demoqa.py"]}